<?xml version="1.0" encoding="UTF-8"?>
<testsuite name="fr.unistra.fizzbuzz.FizzBuzzJUnitTest" tests="4" skipped="0" failures="0" errors="0" timestamp="2018-03-22T16:01:44" hostname="uds-500411.ad.unistra.fr.u-strasbg.fr" time="0.002">
  <properties/>
  <testcase name="returnsNumberForInputNotDivisibleByThreeAndFive" classname="fr.unistra.fizzbuzz.FizzBuzzJUnitTest" time="0.0"/>
  <testcase name="returnsFizzForInputDivisobleByThreeAndNoFive" classname="fr.unistra.fizzbuzz.FizzBuzzJUnitTest" time="0.0"/>
  <testcase name="returnsBuzzForInputDivisobleByFiveAndNoThree" classname="fr.unistra.fizzbuzz.FizzBuzzJUnitTest" time="0.0"/>
  <testcase name="returnsFizzBuzzForInputDivisobleByFiveAndThree" classname="fr.unistra.fizzbuzz.FizzBuzzJUnitTest" time="0.001"/>
  <system-out><![CDATA[]]></system-out>
  <system-err><![CDATA[]]></system-err>
</testsuite>
