<?xml version="1.0" encoding="UTF-8" ?>
<testsuite tests="22" failures="0" name="fr.unistra.fizzbuzz.FizzBuzzJUnitParamsTest" time="0.05" errors="0" skipped="0">
  <properties>
    <property name="java.runtime.name" value="Java(TM) SE Runtime Environment"/>
    <property name="sun.boot.library.path" value="/usr/lib/jvm/java-8-oracle/jre/lib/amd64"/>
    <property name="java.vm.version" value="25.151-b12"/>
    <property name="java.vm.vendor" value="Oracle Corporation"/>
    <property name="maven.multiModuleProjectDirectory" value="/adhome/c/ca/capesius/fizzbuzz"/>
    <property name="java.vendor.url" value="http://java.oracle.com/"/>
    <property name="path.separator" value=":"/>
    <property name="guice.disable.misplaced.annotation.check" value="true"/>
    <property name="java.vm.name" value="Java HotSpot(TM) 64-Bit Server VM"/>
    <property name="file.encoding.pkg" value="sun.io"/>
    <property name="user.country" value="FR"/>
    <property name="sun.java.launcher" value="SUN_STANDARD"/>
    <property name="sun.os.patch.level" value="unknown"/>
    <property name="java.vm.specification.name" value="Java Virtual Machine Specification"/>
    <property name="user.dir" value="/adhome/c/ca/capesius/fizzbuzz"/>
    <property name="java.runtime.version" value="1.8.0_151-b12"/>
    <property name="java.awt.graphicsenv" value="sun.awt.X11GraphicsEnvironment"/>
    <property name="java.endorsed.dirs" value="/usr/lib/jvm/java-8-oracle/jre/lib/endorsed"/>
    <property name="os.arch" value="amd64"/>
    <property name="java.io.tmpdir" value="/tmp"/>
    <property name="line.separator" value="
"/>
    <property name="java.vm.specification.vendor" value="Oracle Corporation"/>
    <property name="os.name" value="Linux"/>
    <property name="classworlds.conf" value="/adhome/c/ca/capesius/apache-maven-3.5.2/bin/m2.conf"/>
    <property name="sun.jnu.encoding" value="UTF-8"/>
    <property name="java.library.path" value="/usr/java/packages/lib/amd64:/usr/lib64:/lib64:/lib:/usr/lib"/>
    <property name="maven.conf" value="/adhome/c/ca/capesius/apache-maven-3.5.2/conf"/>
    <property name="java.specification.name" value="Java Platform API Specification"/>
    <property name="java.class.version" value="52.0"/>
    <property name="sun.management.compiler" value="HotSpot 64-Bit Tiered Compilers"/>
    <property name="os.version" value="4.4.0-109-generic"/>
    <property name="library.jansi.path" value="/adhome/c/ca/capesius/apache-maven-3.5.2/lib/jansi-native"/>
    <property name="user.home" value="/adhome/c/ca/capesius"/>
    <property name="user.timezone" value="Europe/Paris"/>
    <property name="java.awt.printerjob" value="sun.print.PSPrinterJob"/>
    <property name="java.specification.version" value="1.8"/>
    <property name="file.encoding" value="UTF-8"/>
    <property name="user.name" value="capesius"/>
    <property name="java.class.path" value="/adhome/c/ca/capesius/apache-maven-3.5.2/boot/plexus-classworlds-2.5.2.jar"/>
    <property name="java.vm.specification.version" value="1.8"/>
    <property name="sun.arch.data.model" value="64"/>
    <property name="java.home" value="/usr/lib/jvm/java-8-oracle/jre"/>
    <property name="sun.java.command" value="org.codehaus.plexus.classworlds.launcher.Launcher verify"/>
    <property name="java.specification.vendor" value="Oracle Corporation"/>
    <property name="user.language" value="fr"/>
    <property name="awt.toolkit" value="sun.awt.X11.XToolkit"/>
    <property name="java.vm.info" value="mixed mode"/>
    <property name="java.version" value="1.8.0_151"/>
    <property name="java.ext.dirs" value="/usr/lib/jvm/java-8-oracle/jre/lib/ext:/usr/java/packages/lib/ext"/>
    <property name="securerandom.source" value="file:/dev/./urandom"/>
    <property name="sun.boot.class.path" value="/usr/lib/jvm/java-8-oracle/jre/lib/resources.jar:/usr/lib/jvm/java-8-oracle/jre/lib/rt.jar:/usr/lib/jvm/java-8-oracle/jre/lib/sunrsasign.jar:/usr/lib/jvm/java-8-oracle/jre/lib/jsse.jar:/usr/lib/jvm/java-8-oracle/jre/lib/jce.jar:/usr/lib/jvm/java-8-oracle/jre/lib/charsets.jar:/usr/lib/jvm/java-8-oracle/jre/lib/jfr.jar:/usr/lib/jvm/java-8-oracle/jre/classes"/>
    <property name="java.vendor" value="Oracle Corporation"/>
    <property name="maven.home" value="/adhome/c/ca/capesius/apache-maven-3.5.2"/>
    <property name="file.separator" value="/"/>
    <property name="java.vendor.url.bug" value="http://bugreport.sun.com/bugreport/"/>
    <property name="sun.cpu.endian" value="little"/>
    <property name="sun.io.unicode.encoding" value="UnicodeLittle"/>
    <property name="sun.desktop" value="gnome"/>
    <property name="sun.cpu.isalist" value=""/>
  </properties>
  <testcase classname="fr.unistra.fizzbuzz.FizzBuzzJUnitParamsTest" name="returnsNumberForInputNotDivisibleByThreeOrFive(1) [0]" time="0.042"/>
  <testcase classname="fr.unistra.fizzbuzz.FizzBuzzJUnitParamsTest" name="returnsNumberForInputNotDivisibleByThreeOrFive(2) [1]" time="0"/>
  <testcase classname="fr.unistra.fizzbuzz.FizzBuzzJUnitParamsTest" name="returnsNumberForInputNotDivisibleByThreeOrFive(4) [2]" time="0"/>
  <testcase classname="fr.unistra.fizzbuzz.FizzBuzzJUnitParamsTest" name="returnsNumberForInputNotDivisibleByThreeOrFive(7) [3]" time="0"/>
  <testcase classname="fr.unistra.fizzbuzz.FizzBuzzJUnitParamsTest" name="returnsNumberForInputNotDivisibleByThreeOrFive(11) [4]" time="0"/>
  <testcase classname="fr.unistra.fizzbuzz.FizzBuzzJUnitParamsTest" name="returnsNumberForInputNotDivisibleByThreeOrFive(13) [5]" time="0"/>
  <testcase classname="fr.unistra.fizzbuzz.FizzBuzzJUnitParamsTest" name="returnsNumberForInputNotDivisibleByThreeOrFive(14) [6]" time="0"/>
  <testcase classname="fr.unistra.fizzbuzz.FizzBuzzJUnitParamsTest" name="returnsNumberForInputDivisibleBynoThreeButFive(5) [0]" time="0"/>
  <testcase classname="fr.unistra.fizzbuzz.FizzBuzzJUnitParamsTest" name="returnsNumberForInputDivisibleBynoThreeButFive(10) [1]" time="0.001"/>
  <testcase classname="fr.unistra.fizzbuzz.FizzBuzzJUnitParamsTest" name="returnsNumberForInputDivisibleBynoThreeButFive(20) [2]" time="0"/>
  <testcase classname="fr.unistra.fizzbuzz.FizzBuzzJUnitParamsTest" name="returnsNumberForInputDivisibleBynoThreeButFive(25) [3]" time="0"/>
  <testcase classname="fr.unistra.fizzbuzz.FizzBuzzJUnitParamsTest" name="returnsNumberForInputDivisibleBynoThreeButFive(35) [4]" time="0"/>
  <testcase classname="fr.unistra.fizzbuzz.FizzBuzzJUnitParamsTest" name="returnsNumberForInputDivisibleByThreeAndFive(15) [0]" time="0"/>
  <testcase classname="fr.unistra.fizzbuzz.FizzBuzzJUnitParamsTest" name="returnsNumberForInputDivisibleByThreeAndFive(30) [1]" time="0.001"/>
  <testcase classname="fr.unistra.fizzbuzz.FizzBuzzJUnitParamsTest" name="returnsNumberForInputDivisibleByThreeAndFive(45) [2]" time="0"/>
  <testcase classname="fr.unistra.fizzbuzz.FizzBuzzJUnitParamsTest" name="returnsNumberForInputDivisibleByThreeAndFive(60) [3]" time="0"/>
  <testcase classname="fr.unistra.fizzbuzz.FizzBuzzJUnitParamsTest" name="returnsNumberForInputDivisibleByThreeAndFive(75) [4]" time="0.006"/>
  <testcase classname="fr.unistra.fizzbuzz.FizzBuzzJUnitParamsTest" name="returnsNumberForInputDivisibleByThreeButNoFive(3) [0]" time="0"/>
  <testcase classname="fr.unistra.fizzbuzz.FizzBuzzJUnitParamsTest" name="returnsNumberForInputDivisibleByThreeButNoFive(6) [1]" time="0"/>
  <testcase classname="fr.unistra.fizzbuzz.FizzBuzzJUnitParamsTest" name="returnsNumberForInputDivisibleByThreeButNoFive(9) [2]" time="0"/>
  <testcase classname="fr.unistra.fizzbuzz.FizzBuzzJUnitParamsTest" name="returnsNumberForInputDivisibleByThreeButNoFive(12) [3]" time="0"/>
  <testcase classname="fr.unistra.fizzbuzz.FizzBuzzJUnitParamsTest" name="returnsNumberForInputDivisibleByThreeButNoFive(18) [4]" time="0"/>
</testsuite>